{"/Volumes/hagibis1t/huicom/github/markdown/vividmark/src/components/Sidebar/Sidebar.tsx": {"path":"/Volumes/hagibis1t/huicom/github/markdown/vividmark/src/components/Sidebar/Sidebar.tsx","statementMap":{"0":{"start":{"line":5,"column":81},"end":{"line":6,"column":null}},"1":{"start":{"line":8,"column":2},"end":{"line":8,"column":null}},"2":{"start":{"line":8,"column":20},"end":{"line":8,"column":null}},"3":{"start":{"line":11,"column":19},"end":{"line":18,"column":null}},"4":{"start":{"line":13,"column":22},"end":{"line":13,"column":42}},"5":{"start":{"line":15,"column":20},"end":{"line":15,"column":null}},"6":{"start":{"line":16,"column":19},"end":{"line":16,"column":null}},"7":{"start":{"line":17,"column":6},"end":{"line":17,"column":null}},"8":{"start":{"line":20,"column":32},"end":{"line":27,"column":null}},"9":{"start":{"line":21,"column":4},"end":{"line":25,"column":null}},"10":{"start":{"line":22,"column":6},"end":{"line":24,"column":null}},"11":{"start":{"line":23,"column":8},"end":{"line":23,"column":null}},"12":{"start":{"line":26,"column":4},"end":{"line":26,"column":null}},"13":{"start":{"line":29,"column":2},"end":{"line":116,"column":null}},"14":{"start":{"line":63,"column":14},"end":{"line":83,"column":null}},"15":{"start":{"line":65,"column":31},"end":{"line":65,"column":null}},"16":{"start":{"line":99,"column":14},"end":{"line":105,"column":null}}},"fnMap":{"0":{"name":"Sidebar","decl":{"start":{"line":4,"column":16},"end":{"line":4,"column":26}},"loc":{"start":{"line":4,"column":26},"end":{"line":118,"column":null}},"line":4},"1":{"name":"(anonymous_1)","decl":{"start":{"line":13,"column":12},"end":{"line":13,"column":13}},"loc":{"start":{"line":13,"column":22},"end":{"line":13,"column":42}},"line":13},"2":{"name":"(anonymous_2)","decl":{"start":{"line":14,"column":9},"end":{"line":14,"column":10}},"loc":{"start":{"line":14,"column":19},"end":{"line":18,"column":5}},"line":14},"3":{"name":"(anonymous_3)","decl":{"start":{"line":20,"column":32},"end":{"line":20,"column":39}},"loc":{"start":{"line":20,"column":60},"end":{"line":27,"column":null}},"line":20},"4":{"name":"(anonymous_4)","decl":{"start":{"line":62,"column":41},"end":{"line":62,"column":42}},"loc":{"start":{"line":63,"column":14},"end":{"line":83,"column":null}},"line":63},"5":{"name":"(anonymous_5)","decl":{"start":{"line":65,"column":25},"end":{"line":65,"column":31}},"loc":{"start":{"line":65,"column":31},"end":{"line":65,"column":null}},"line":65},"6":{"name":"(anonymous_6)","decl":{"start":{"line":98,"column":26},"end":{"line":98,"column":27}},"loc":{"start":{"line":99,"column":14},"end":{"line":105,"column":null}},"line":99}},"branchMap":{"0":{"loc":{"start":{"line":8,"column":2},"end":{"line":8,"column":null}},"type":"if","locations":[{"start":{"line":8,"column":2},"end":{"line":8,"column":null}},{"start":{},"end":{}}],"line":8},"1":{"loc":{"start":{"line":15,"column":20},"end":{"line":15,"column":null}},"type":"binary-expr","locations":[{"start":{"line":15,"column":20},"end":{"line":15,"column":53}},{"start":{"line":15,"column":53},"end":{"line":15,"column":null}}],"line":15},"2":{"loc":{"start":{"line":21,"column":4},"end":{"line":25,"column":null}},"type":"if","locations":[{"start":{"line":21,"column":4},"end":{"line":25,"column":null}},{"start":{},"end":{}}],"line":21},"3":{"loc":{"start":{"line":22,"column":6},"end":{"line":24,"column":null}},"type":"if","locations":[{"start":{"line":22,"column":6},"end":{"line":24,"column":null}},{"start":{},"end":{}}],"line":22},"4":{"loc":{"start":{"line":38,"column":11},"end":{"line":38,"column":null}},"type":"binary-expr","locations":[{"start":{"line":38,"column":11},"end":{"line":38,"column":22}},{"start":{"line":38,"column":22},"end":{"line":38,"column":null}}],"line":38},"5":{"loc":{"start":{"line":48,"column":11},"end":{"line":55,"column":null}},"type":"binary-expr","locations":[{"start":{"line":48,"column":11},"end":{"line":48,"column":null}},{"start":{"line":49,"column":12},"end":{"line":55,"column":null}}],"line":48},"6":{"loc":{"start":{"line":58,"column":9},"end":{"line":85,"column":null}},"type":"cond-expr","locations":[{"start":{"line":59,"column":10},"end":{"line":59,"column":null}},{"start":{"line":61,"column":10},"end":{"line":85,"column":null}}],"line":58},"7":{"loc":{"start":{"line":94,"column":9},"end":{"line":107,"column":null}},"type":"cond-expr","locations":[{"start":{"line":95,"column":10},"end":{"line":95,"column":null}},{"start":{"line":97,"column":10},"end":{"line":107,"column":null}}],"line":94}},"s":{"0":17,"1":17,"2":1,"3":16,"4":72,"5":28,"6":28,"7":28,"8":16,"9":3,"10":2,"11":1,"12":2,"13":16,"14":6,"15":3,"16":28},"f":{"0":17,"1":72,"2":28,"3":3,"4":6,"5":3,"6":28},"b":{"0":[1,16],"1":[28,0],"2":[2,1],"3":[1,1],"4":[16,5],"5":[17,5],"6":[11,5],"7":[2,14]},"meta":{"lastBranch":8,"lastFunction":7,"lastStatement":17,"seen":{"f:4:16:4:26":0,"s:5:81:6:Infinity":0,"b:8:2:8:Infinity:undefined:undefined:undefined:undefined":0,"s:8:2:8:Infinity":1,"s:8:20:8:Infinity":2,"s:11:19:18:Infinity":3,"f:13:12:13:13":1,"s:13:22:13:42":4,"f:14:9:14:10":2,"s:15:20:15:Infinity":5,"b:15:20:15:53:15:53:15:Infinity":1,"s:16:19:16:Infinity":6,"s:17:6:17:Infinity":7,"s:20:32:27:Infinity":8,"f:20:32:20:39":3,"b:21:4:25:Infinity:undefined:undefined:undefined:undefined":2,"s:21:4:25:Infinity":9,"b:22:6:24:Infinity:undefined:undefined:undefined:undefined":3,"s:22:6:24:Infinity":10,"s:23:8:23:Infinity":11,"s:26:4:26:Infinity":12,"s:29:2:116:Infinity":13,"b:38:11:38:22:38:22:38:Infinity":4,"b:48:11:48:Infinity:49:12:55:Infinity":5,"b:59:10:59:Infinity:61:10:85:Infinity":6,"f:62:41:62:42":4,"s:63:14:83:Infinity":14,"f:65:25:65:31":5,"s:65:31:65:Infinity":15,"b:95:10:95:Infinity:97:10:107:Infinity":7,"f:98:26:98:27":6,"s:99:14:105:Infinity":16}}}
,"/Volumes/hagibis1t/huicom/github/markdown/vividmark/src/components/Toolbar/Toolbar.tsx": {"path":"/Volumes/hagibis1t/huicom/github/markdown/vividmark/src/components/Toolbar/Toolbar.tsx","statementMap":{"0":{"start":{"line":16,"column":28},"end":{"line":18,"column":null}},"1":{"start":{"line":17,"column":4},"end":{"line":17,"column":null}},"2":{"start":{"line":20,"column":2},"end":{"line":27,"column":null}},"3":{"start":{"line":43,"column":2},"end":{"line":51,"column":null}},"4":{"start":{"line":67,"column":2},"end":{"line":67,"column":null}},"5":{"start":{"line":69,"column":21},"end":{"line":71,"column":null}},"6":{"start":{"line":70,"column":4},"end":{"line":70,"column":null}},"7":{"start":{"line":73,"column":21},"end":{"line":75,"column":null}},"8":{"start":{"line":74,"column":4},"end":{"line":74,"column":null}},"9":{"start":{"line":77,"column":20},"end":{"line":85,"column":null}},"10":{"start":{"line":78,"column":4},"end":{"line":84,"column":null}},"11":{"start":{"line":79,"column":6},"end":{"line":81,"column":null}},"12":{"start":{"line":80,"column":8},"end":{"line":80,"column":null}},"13":{"start":{"line":83,"column":6},"end":{"line":83,"column":null}},"14":{"start":{"line":87,"column":21},"end":{"line":89,"column":null}},"15":{"start":{"line":88,"column":4},"end":{"line":88,"column":null}},"16":{"start":{"line":91,"column":21},"end":{"line":93,"column":null}},"17":{"start":{"line":92,"column":4},"end":{"line":92,"column":null}},"18":{"start":{"line":95,"column":22},"end":{"line":108,"column":null}},"19":{"start":{"line":96,"column":22},"end":{"line":96,"column":null}},"20":{"start":{"line":97,"column":4},"end":{"line":107,"column":null}},"21":{"start":{"line":99,"column":23},"end":{"line":99,"column":null}},"22":{"start":{"line":100,"column":22},"end":{"line":100,"column":null}},"23":{"start":{"line":102,"column":23},"end":{"line":105,"column":null}},"24":{"start":{"line":106,"column":6},"end":{"line":106,"column":null}},"25":{"start":{"line":110,"column":2},"end":{"line":378,"column":null}},"26":{"start":{"line":319,"column":25},"end":{"line":319,"column":null}},"27":{"start":{"line":329,"column":25},"end":{"line":329,"column":null}},"28":{"start":{"line":339,"column":25},"end":{"line":339,"column":null}}},"fnMap":{"0":{"name":"FormatButton","decl":{"start":{"line":7,"column":9},"end":{"line":7,"column":22}},"loc":{"start":{"line":15,"column":3},"end":{"line":29,"column":null}},"line":15},"1":{"name":"(anonymous_1)","decl":{"start":{"line":16,"column":28},"end":{"line":16,"column":34}},"loc":{"start":{"line":16,"column":34},"end":{"line":18,"column":null}},"line":16},"2":{"name":"ActionButton","decl":{"start":{"line":32,"column":9},"end":{"line":32,"column":22}},"loc":{"start":{"line":42,"column":3},"end":{"line":53,"column":null}},"line":42},"3":{"name":"Toolbar","decl":{"start":{"line":55,"column":16},"end":{"line":55,"column":26}},"loc":{"start":{"line":55,"column":26},"end":{"line":380,"column":null}},"line":55},"4":{"name":"(anonymous_4)","decl":{"start":{"line":69,"column":21},"end":{"line":69,"column":33}},"loc":{"start":{"line":69,"column":33},"end":{"line":71,"column":null}},"line":69},"5":{"name":"(anonymous_5)","decl":{"start":{"line":73,"column":21},"end":{"line":73,"column":33}},"loc":{"start":{"line":73,"column":33},"end":{"line":75,"column":null}},"line":73},"6":{"name":"(anonymous_6)","decl":{"start":{"line":77,"column":20},"end":{"line":77,"column":26}},"loc":{"start":{"line":77,"column":26},"end":{"line":85,"column":null}},"line":77},"7":{"name":"(anonymous_7)","decl":{"start":{"line":87,"column":21},"end":{"line":87,"column":27}},"loc":{"start":{"line":87,"column":27},"end":{"line":89,"column":null}},"line":87},"8":{"name":"(anonymous_8)","decl":{"start":{"line":91,"column":21},"end":{"line":91,"column":27}},"loc":{"start":{"line":91,"column":27},"end":{"line":93,"column":null}},"line":91},"9":{"name":"(anonymous_9)","decl":{"start":{"line":95,"column":22},"end":{"line":95,"column":34}},"loc":{"start":{"line":95,"column":34},"end":{"line":108,"column":null}},"line":95},"10":{"name":"(anonymous_10)","decl":{"start":{"line":319,"column":19},"end":{"line":319,"column":25}},"loc":{"start":{"line":319,"column":25},"end":{"line":319,"column":null}},"line":319},"11":{"name":"(anonymous_11)","decl":{"start":{"line":329,"column":19},"end":{"line":329,"column":25}},"loc":{"start":{"line":329,"column":25},"end":{"line":329,"column":null}},"line":329},"12":{"name":"(anonymous_12)","decl":{"start":{"line":339,"column":19},"end":{"line":339,"column":25}},"loc":{"start":{"line":339,"column":25},"end":{"line":339,"column":null}},"line":339}},"branchMap":{"0":{"loc":{"start":{"line":78,"column":4},"end":{"line":84,"column":null}},"type":"if","locations":[{"start":{"line":78,"column":4},"end":{"line":84,"column":null}},{"start":{"line":82,"column":11},"end":{"line":84,"column":null}}],"line":78},"1":{"loc":{"start":{"line":79,"column":6},"end":{"line":81,"column":null}},"type":"if","locations":[{"start":{"line":79,"column":6},"end":{"line":81,"column":null}},{"start":{},"end":{}}],"line":79},"2":{"loc":{"start":{"line":97,"column":4},"end":{"line":107,"column":null}},"type":"if","locations":[{"start":{"line":97,"column":4},"end":{"line":107,"column":null}},{"start":{},"end":{}}],"line":97},"3":{"loc":{"start":{"line":99,"column":23},"end":{"line":99,"column":null}},"type":"binary-expr","locations":[{"start":{"line":99,"column":23},"end":{"line":99,"column":57}},{"start":{"line":99,"column":57},"end":{"line":99,"column":null}}],"line":99},"4":{"loc":{"start":{"line":312,"column":11},"end":{"line":312,"column":null}},"type":"binary-expr","locations":[{"start":{"line":312,"column":11},"end":{"line":312,"column":22}},{"start":{"line":312,"column":22},"end":{"line":312,"column":null}}],"line":312},"5":{"loc":{"start":{"line":321,"column":12},"end":{"line":323,"column":null}},"type":"cond-expr","locations":[{"start":{"line":322,"column":16},"end":{"line":322,"column":null}},{"start":{"line":323,"column":16},"end":{"line":323,"column":null}}],"line":321},"6":{"loc":{"start":{"line":331,"column":12},"end":{"line":333,"column":null}},"type":"cond-expr","locations":[{"start":{"line":332,"column":16},"end":{"line":332,"column":null}},{"start":{"line":333,"column":16},"end":{"line":333,"column":null}}],"line":331},"7":{"loc":{"start":{"line":341,"column":12},"end":{"line":343,"column":null}},"type":"cond-expr","locations":[{"start":{"line":342,"column":16},"end":{"line":342,"column":null}},{"start":{"line":343,"column":16},"end":{"line":343,"column":null}}],"line":341},"8":{"loc":{"start":{"line":357,"column":11},"end":{"line":374,"column":null}},"type":"cond-expr","locations":[{"start":{"line":358,"column":12},"end":{"line":365,"column":null}},{"start":{"line":367,"column":12},"end":{"line":374,"column":null}}],"line":357}},"s":{"0":231,"1":1,"2":231,"3":63,"4":21,"5":21,"6":1,"7":21,"8":1,"9":21,"10":3,"11":2,"12":1,"13":1,"14":21,"15":0,"16":21,"17":0,"18":21,"19":0,"20":0,"21":0,"22":0,"23":0,"24":0,"25":21,"26":1,"27":1,"28":1},"f":{"0":231,"1":1,"2":63,"3":21,"4":1,"5":1,"6":3,"7":0,"8":0,"9":0,"10":1,"11":1,"12":1},"b":{"0":[2,1],"1":[1,1],"2":[0,0],"3":[0,0],"4":[21,3],"5":[18,3],"6":[1,20],"7":[2,19],"8":[1,20]},"meta":{"lastBranch":9,"lastFunction":13,"lastStatement":29,"seen":{"f:7:9:7:22":0,"s:16:28:18:Infinity":0,"f:16:28:16:34":1,"s:17:4:17:Infinity":1,"s:20:2:27:Infinity":2,"f:32:9:32:22":2,"s:43:2:51:Infinity":3,"f:55:16:55:26":3,"s:67:2:67:Infinity":4,"s:69:21:71:Infinity":5,"f:69:21:69:33":4,"s:70:4:70:Infinity":6,"s:73:21:75:Infinity":7,"f:73:21:73:33":5,"s:74:4:74:Infinity":8,"s:77:20:85:Infinity":9,"f:77:20:77:26":6,"b:78:4:84:Infinity:82:11:84:Infinity":0,"s:78:4:84:Infinity":10,"b:79:6:81:Infinity:undefined:undefined:undefined:undefined":1,"s:79:6:81:Infinity":11,"s:80:8:80:Infinity":12,"s:83:6:83:Infinity":13,"s:87:21:89:Infinity":14,"f:87:21:87:27":7,"s:88:4:88:Infinity":15,"s:91:21:93:Infinity":16,"f:91:21:91:27":8,"s:92:4:92:Infinity":17,"s:95:22:108:Infinity":18,"f:95:22:95:34":9,"s:96:22:96:Infinity":19,"b:97:4:107:Infinity:undefined:undefined:undefined:undefined":2,"s:97:4:107:Infinity":20,"s:99:23:99:Infinity":21,"b:99:23:99:57:99:57:99:Infinity":3,"s:100:22:100:Infinity":22,"s:102:23:105:Infinity":23,"s:106:6:106:Infinity":24,"s:110:2:378:Infinity":25,"b:312:11:312:22:312:22:312:Infinity":4,"f:319:19:319:25":10,"s:319:25:319:Infinity":26,"b:322:16:322:Infinity:323:16:323:Infinity":5,"f:329:19:329:25":11,"s:329:25:329:Infinity":27,"b:332:16:332:Infinity:333:16:333:Infinity":6,"f:339:19:339:25":12,"s:339:25:339:Infinity":28,"b:342:16:342:Infinity:343:16:343:Infinity":7,"b:358:12:365:Infinity:367:12:374:Infinity":8}}}
,"/Volumes/hagibis1t/huicom/github/markdown/vividmark/src/hooks/useAutoSave.ts": {"path":"/Volumes/hagibis1t/huicom/github/markdown/vividmark/src/hooks/useAutoSave.ts","statementMap":{"0":{"start":{"line":6,"column":24},"end":{"line":6,"column":null}},"1":{"start":{"line":15,"column":37},"end":{"line":15,"column":null}},"2":{"start":{"line":16,"column":8},"end":{"line":16,"column":null}},"3":{"start":{"line":17,"column":8},"end":{"line":17,"column":null}},"4":{"start":{"line":19,"column":8},"end":{"line":34,"column":null}},"5":{"start":{"line":20,"column":4},"end":{"line":22,"column":null}},"6":{"start":{"line":21,"column":6},"end":{"line":21,"column":null}},"7":{"start":{"line":24,"column":4},"end":{"line":24,"column":null}},"8":{"start":{"line":25,"column":4},"end":{"line":25,"column":null}},"9":{"start":{"line":26,"column":4},"end":{"line":33,"column":null}},"10":{"start":{"line":27,"column":6},"end":{"line":27,"column":null}},"11":{"start":{"line":28,"column":6},"end":{"line":28,"column":null}},"12":{"start":{"line":30,"column":6},"end":{"line":30,"column":null}},"13":{"start":{"line":32,"column":6},"end":{"line":32,"column":null}},"14":{"start":{"line":36,"column":2},"end":{"line":53,"column":null}},"15":{"start":{"line":38,"column":4},"end":{"line":40,"column":null}},"16":{"start":{"line":39,"column":6},"end":{"line":39,"column":null}},"17":{"start":{"line":43,"column":4},"end":{"line":45,"column":null}},"18":{"start":{"line":44,"column":6},"end":{"line":44,"column":null}},"19":{"start":{"line":48,"column":4},"end":{"line":52,"column":null}},"20":{"start":{"line":49,"column":6},"end":{"line":51,"column":null}},"21":{"start":{"line":50,"column":8},"end":{"line":50,"column":null}}},"fnMap":{"0":{"name":"useAutoSave","decl":{"start":{"line":14,"column":16},"end":{"line":14,"column":30}},"loc":{"start":{"line":14,"column":30},"end":{"line":54,"column":null}},"line":14},"1":{"name":"(anonymous_1)","decl":{"start":{"line":19,"column":38},"end":{"line":19,"column":50}},"loc":{"start":{"line":19,"column":50},"end":{"line":34,"column":5}},"line":19},"2":{"name":"(anonymous_2)","decl":{"start":{"line":36,"column":12},"end":{"line":36,"column":18}},"loc":{"start":{"line":36,"column":18},"end":{"line":53,"column":5}},"line":36},"3":{"name":"(anonymous_3)","decl":{"start":{"line":48,"column":11},"end":{"line":48,"column":17}},"loc":{"start":{"line":48,"column":17},"end":{"line":52,"column":null}},"line":48}},"branchMap":{"0":{"loc":{"start":{"line":20,"column":4},"end":{"line":22,"column":null}},"type":"if","locations":[{"start":{"line":20,"column":4},"end":{"line":22,"column":null}},{"start":{},"end":{}}],"line":20},"1":{"loc":{"start":{"line":20,"column":8},"end":{"line":20,"column":54}},"type":"binary-expr","locations":[{"start":{"line":20,"column":8},"end":{"line":20,"column":21}},{"start":{"line":20,"column":21},"end":{"line":20,"column":33}},{"start":{"line":20,"column":33},"end":{"line":20,"column":54}}],"line":20},"2":{"loc":{"start":{"line":38,"column":4},"end":{"line":40,"column":null}},"type":"if","locations":[{"start":{"line":38,"column":4},"end":{"line":40,"column":null}},{"start":{},"end":{}}],"line":38},"3":{"loc":{"start":{"line":43,"column":4},"end":{"line":45,"column":null}},"type":"if","locations":[{"start":{"line":43,"column":4},"end":{"line":45,"column":null}},{"start":{},"end":{}}],"line":43},"4":{"loc":{"start":{"line":43,"column":8},"end":{"line":43,"column":29}},"type":"binary-expr","locations":[{"start":{"line":43,"column":8},"end":{"line":43,"column":20}},{"start":{"line":43,"column":20},"end":{"line":43,"column":29}}],"line":43},"5":{"loc":{"start":{"line":49,"column":6},"end":{"line":51,"column":null}},"type":"if","locations":[{"start":{"line":49,"column":6},"end":{"line":51,"column":null}},{"start":{},"end":{}}],"line":49}},"s":{"0":1,"1":11,"2":11,"3":11,"4":11,"5":5,"6":1,"7":4,"8":4,"9":4,"10":4,"11":3,"12":1,"13":4,"14":11,"15":11,"16":3,"17":11,"18":8,"19":11,"20":11,"21":8},"f":{"0":11,"1":5,"2":11,"3":11},"b":{"0":[1,4],"1":[5,5,5],"2":[3,8],"3":[8,3],"4":[11,10],"5":[8,3]},"meta":{"lastBranch":6,"lastFunction":4,"lastStatement":22,"seen":{"s:6:24:6:Infinity":0,"f:14:16:14:30":0,"s:15:37:15:Infinity":1,"s:16:8:16:Infinity":2,"s:17:8:17:Infinity":3,"s:19:8:34:Infinity":4,"f:19:38:19:50":1,"b:20:4:22:Infinity:undefined:undefined:undefined:undefined":0,"s:20:4:22:Infinity":5,"b:20:8:20:21:20:21:20:33:20:33:20:54":1,"s:21:6:21:Infinity":6,"s:24:4:24:Infinity":7,"s:25:4:25:Infinity":8,"s:26:4:33:Infinity":9,"s:27:6:27:Infinity":10,"s:28:6:28:Infinity":11,"s:30:6:30:Infinity":12,"s:32:6:32:Infinity":13,"s:36:2:53:Infinity":14,"f:36:12:36:18":2,"b:38:4:40:Infinity:undefined:undefined:undefined:undefined":2,"s:38:4:40:Infinity":15,"s:39:6:39:Infinity":16,"b:43:4:45:Infinity:undefined:undefined:undefined:undefined":3,"s:43:4:45:Infinity":17,"b:43:8:43:20:43:20:43:29":4,"s:44:6:44:Infinity":18,"s:48:4:52:Infinity":19,"f:48:11:48:17":3,"b:49:6:51:Infinity:undefined:undefined:undefined:undefined":5,"s:49:6:51:Infinity":20,"s:50:8:50:Infinity":21}}}
,"/Volumes/hagibis1t/huicom/github/markdown/vividmark/src/hooks/useTextFormat.ts": {"path":"/Volumes/hagibis1t/huicom/github/markdown/vividmark/src/hooks/useTextFormat.ts","statementMap":{"0":{"start":{"line":23,"column":57},"end":{"line":36,"column":null}},"1":{"start":{"line":44,"column":8},"end":{"line":69,"column":null}},"2":{"start":{"line":46,"column":21},"end":{"line":46,"column":null}},"3":{"start":{"line":47,"column":26},"end":{"line":47,"column":null}},"4":{"start":{"line":49,"column":6},"end":{"line":66,"column":null}},"5":{"start":{"line":51,"column":23},"end":{"line":51,"column":null}},"6":{"start":{"line":52,"column":25},"end":{"line":52,"column":null}},"7":{"start":{"line":53,"column":22},"end":{"line":53,"column":null}},"8":{"start":{"line":54,"column":24},"end":{"line":54,"column":null}},"9":{"start":{"line":56,"column":10},"end":{"line":56,"column":null}},"10":{"start":{"line":57,"column":8},"end":{"line":57,"column":null}},"11":{"start":{"line":60,"column":26},"end":{"line":60,"column":null}},"12":{"start":{"line":61,"column":23},"end":{"line":61,"column":null}},"13":{"start":{"line":62,"column":22},"end":{"line":62,"column":null}},"14":{"start":{"line":63,"column":24},"end":{"line":63,"column":null}},"15":{"start":{"line":64,"column":29},"end":{"line":64,"column":null}},"16":{"start":{"line":65,"column":8},"end":{"line":65,"column":null}},"17":{"start":{"line":71,"column":8},"end":{"line":104,"column":null}},"18":{"start":{"line":73,"column":21},"end":{"line":73,"column":null}},"19":{"start":{"line":74,"column":20},"end":{"line":74,"column":null}},"20":{"start":{"line":75,"column":24},"end":{"line":75,"column":null}},"21":{"start":{"line":78,"column":6},"end":{"line":82,"column":null}},"22":{"start":{"line":80,"column":8},"end":{"line":80,"column":null}},"23":{"start":{"line":81,"column":8},"end":{"line":81,"column":null}},"24":{"start":{"line":85,"column":30},"end":{"line":85,"column":null}},"25":{"start":{"line":86,"column":6},"end":{"line":91,"column":null}},"26":{"start":{"line":87,"column":8},"end":{"line":90,"column":null}},"27":{"start":{"line":88,"column":10},"end":{"line":88,"column":null}},"28":{"start":{"line":89,"column":10},"end":{"line":89,"column":null}},"29":{"start":{"line":94,"column":6},"end":{"line":97,"column":null}},"30":{"start":{"line":95,"column":8},"end":{"line":95,"column":null}},"31":{"start":{"line":96,"column":8},"end":{"line":96,"column":null}},"32":{"start":{"line":100,"column":6},"end":{"line":100,"column":null}},"33":{"start":{"line":101,"column":6},"end":{"line":101,"column":null}},"34":{"start":{"line":106,"column":2},"end":{"line":106,"column":null}}},"fnMap":{"0":{"name":"useTextFormat","decl":{"start":{"line":43,"column":16},"end":{"line":43,"column":32}},"loc":{"start":{"line":43,"column":32},"end":{"line":107,"column":null}},"line":43},"1":{"name":"(anonymous_1)","decl":{"start":{"line":45,"column":4},"end":{"line":45,"column":5}},"loc":{"start":{"line":45,"column":86},"end":{"line":67,"column":null}},"line":45},"2":{"name":"(anonymous_2)","decl":{"start":{"line":72,"column":4},"end":{"line":72,"column":5}},"loc":{"start":{"line":72,"column":69},"end":{"line":102,"column":null}},"line":72}},"branchMap":{"0":{"loc":{"start":{"line":47,"column":26},"end":{"line":47,"column":null}},"type":"binary-expr","locations":[{"start":{"line":47,"column":26},"end":{"line":47,"column":48}},{"start":{"line":47,"column":48},"end":{"line":47,"column":null}}],"line":47},"1":{"loc":{"start":{"line":49,"column":6},"end":{"line":66,"column":null}},"type":"if","locations":[{"start":{"line":49,"column":6},"end":{"line":66,"column":null}},{"start":{"line":58,"column":13},"end":{"line":66,"column":null}}],"line":49},"2":{"loc":{"start":{"line":49,"column":10},"end":{"line":49,"column":58}},"type":"binary-expr","locations":[{"start":{"line":49,"column":10},"end":{"line":49,"column":23}},{"start":{"line":49,"column":23},"end":{"line":49,"column":58}}],"line":49},"3":{"loc":{"start":{"line":60,"column":26},"end":{"line":60,"column":null}},"type":"binary-expr","locations":[{"start":{"line":60,"column":26},"end":{"line":60,"column":46}},{"start":{"line":60,"column":46},"end":{"line":60,"column":null}}],"line":60},"4":{"loc":{"start":{"line":78,"column":6},"end":{"line":82,"column":null}},"type":"if","locations":[{"start":{"line":78,"column":6},"end":{"line":82,"column":null}},{"start":{},"end":{}}],"line":78},"5":{"loc":{"start":{"line":87,"column":8},"end":{"line":90,"column":null}},"type":"if","locations":[{"start":{"line":87,"column":8},"end":{"line":90,"column":null}},{"start":{},"end":{}}],"line":87},"6":{"loc":{"start":{"line":87,"column":12},"end":{"line":87,"column":70}},"type":"binary-expr","locations":[{"start":{"line":87,"column":12},"end":{"line":87,"column":44}},{"start":{"line":87,"column":44},"end":{"line":87,"column":70}}],"line":87},"7":{"loc":{"start":{"line":94,"column":6},"end":{"line":97,"column":null}},"type":"if","locations":[{"start":{"line":94,"column":6},"end":{"line":97,"column":null}},{"start":{},"end":{}}],"line":94},"8":{"loc":{"start":{"line":94,"column":10},"end":{"line":94,"column":68}},"type":"binary-expr","locations":[{"start":{"line":94,"column":10},"end":{"line":94,"column":40}},{"start":{"line":94,"column":40},"end":{"line":94,"column":68}}],"line":94}},"s":{"0":1,"1":1,"2":14,"3":14,"4":14,"5":9,"6":9,"7":9,"8":9,"9":9,"10":9,"11":5,"12":5,"13":5,"14":5,"15":5,"16":5,"17":1,"18":11,"19":11,"20":11,"21":11,"22":2,"23":2,"24":9,"25":9,"26":24,"27":3,"28":3,"29":6,"30":2,"31":2,"32":4,"33":4,"34":1},"f":{"0":1,"1":14,"2":11},"b":{"0":[14,3],"1":[9,5],"2":[14,13],"3":[5,1],"4":[2,9],"5":[3,21],"6":[24,3],"7":[2,4],"8":[6,5]},"meta":{"lastBranch":9,"lastFunction":3,"lastStatement":35,"seen":{"s:23:57:36:Infinity":0,"f:43:16:43:32":0,"s:44:8:69:Infinity":1,"f:45:4:45:5":1,"s:46:21:46:Infinity":2,"s:47:26:47:Infinity":3,"b:47:26:47:48:47:48:47:Infinity":0,"b:49:6:66:Infinity:58:13:66:Infinity":1,"s:49:6:66:Infinity":4,"b:49:10:49:23:49:23:49:58":2,"s:51:23:51:Infinity":5,"s:52:25:52:Infinity":6,"s:53:22:53:Infinity":7,"s:54:24:54:Infinity":8,"s:56:10:56:Infinity":9,"s:57:8:57:Infinity":10,"s:60:26:60:Infinity":11,"b:60:26:60:46:60:46:60:Infinity":3,"s:61:23:61:Infinity":12,"s:62:22:62:Infinity":13,"s:63:24:63:Infinity":14,"s:64:29:64:Infinity":15,"s:65:8:65:Infinity":16,"s:71:8:104:Infinity":17,"f:72:4:72:5":2,"s:73:21:73:Infinity":18,"s:74:20:74:Infinity":19,"s:75:24:75:Infinity":20,"b:78:6:82:Infinity:undefined:undefined:undefined:undefined":4,"s:78:6:82:Infinity":21,"s:80:8:80:Infinity":22,"s:81:8:81:Infinity":23,"s:85:30:85:Infinity":24,"s:86:6:91:Infinity":25,"b:87:8:90:Infinity:undefined:undefined:undefined:undefined":5,"s:87:8:90:Infinity":26,"b:87:12:87:44:87:44:87:70":6,"s:88:10:88:Infinity":27,"s:89:10:89:Infinity":28,"b:94:6:97:Infinity:undefined:undefined:undefined:undefined":7,"s:94:6:97:Infinity":29,"b:94:10:94:40:94:40:94:68":8,"s:95:8:95:Infinity":30,"s:96:8:96:Infinity":31,"s:100:6:100:Infinity":32,"s:101:6:101:Infinity":33,"s:106:2:106:Infinity":34}}}
,"/Volumes/hagibis1t/huicom/github/markdown/vividmark/src/lib/imageUtils.ts": {"path":"/Volumes/hagibis1t/huicom/github/markdown/vividmark/src/lib/imageUtils.ts","statementMap":{"0":{"start":{"line":16,"column":19},"end":{"line":24,"column":null}},"1":{"start":{"line":26,"column":2},"end":{"line":28,"column":null}},"2":{"start":{"line":27,"column":4},"end":{"line":27,"column":null}},"3":{"start":{"line":29,"column":2},"end":{"line":29,"column":null}},"4":{"start":{"line":36,"column":2},"end":{"line":36,"column":null}},"5":{"start":{"line":46,"column":2},"end":{"line":48,"column":null}},"6":{"start":{"line":47,"column":4},"end":{"line":47,"column":null}},"7":{"start":{"line":49,"column":2},"end":{"line":53,"column":null}},"8":{"start":{"line":63,"column":2},"end":{"line":63,"column":null}},"9":{"start":{"line":76,"column":2},"end":{"line":101,"column":null}},"10":{"start":{"line":77,"column":19},"end":{"line":77,"column":null}},"11":{"start":{"line":78,"column":22},"end":{"line":78,"column":null}},"12":{"start":{"line":81,"column":25},"end":{"line":81,"column":null}},"13":{"start":{"line":82,"column":4},"end":{"line":84,"column":null}},"14":{"start":{"line":83,"column":6},"end":{"line":83,"column":null}},"15":{"start":{"line":87,"column":25},"end":{"line":87,"column":null}},"16":{"start":{"line":88,"column":22},"end":{"line":88,"column":null}},"17":{"start":{"line":89,"column":21},"end":{"line":89,"column":null}},"18":{"start":{"line":90,"column":23},"end":{"line":90,"column":null}},"19":{"start":{"line":91,"column":23},"end":{"line":91,"column":null}},"20":{"start":{"line":94,"column":4},"end":{"line":94,"column":null}},"21":{"start":{"line":97,"column":4},"end":{"line":97,"column":null}},"22":{"start":{"line":99,"column":4},"end":{"line":99,"column":null}},"23":{"start":{"line":100,"column":4},"end":{"line":100,"column":null}},"24":{"start":{"line":111,"column":20},"end":{"line":111,"column":null}},"25":{"start":{"line":111,"column":51},"end":{"line":111,"column":63}},"26":{"start":{"line":112,"column":18},"end":{"line":112,"column":null}},"27":{"start":{"line":112,"column":48},"end":{"line":112,"column":60}},"28":{"start":{"line":115,"column":21},"end":{"line":115,"column":null}},"29":{"start":{"line":116,"column":2},"end":{"line":122,"column":null}},"30":{"start":{"line":116,"column":15},"end":{"line":116,"column":18}},"31":{"start":{"line":117,"column":4},"end":{"line":121,"column":null}},"32":{"start":{"line":118,"column":6},"end":{"line":118,"column":null}},"33":{"start":{"line":120,"column":6},"end":{"line":120,"column":null}},"34":{"start":{"line":125,"column":18},"end":{"line":125,"column":null}},"35":{"start":{"line":126,"column":25},"end":{"line":126,"column":null}},"36":{"start":{"line":129,"column":17},"end":{"line":129,"column":null}},"37":{"start":{"line":130,"column":2},"end":{"line":132,"column":null}},"38":{"start":{"line":130,"column":15},"end":{"line":130,"column":18}},"39":{"start":{"line":131,"column":4},"end":{"line":131,"column":null}},"40":{"start":{"line":133,"column":2},"end":{"line":133,"column":null}},"41":{"start":{"line":135,"column":2},"end":{"line":135,"column":null}},"42":{"start":{"line":165,"column":53},"end":{"line":165,"column":null}},"43":{"start":{"line":168,"column":17},"end":{"line":168,"column":null}},"44":{"start":{"line":169,"column":2},"end":{"line":174,"column":null}},"45":{"start":{"line":170,"column":21},"end":{"line":170,"column":null}},"46":{"start":{"line":171,"column":4},"end":{"line":171,"column":null}},"47":{"start":{"line":177,"column":2},"end":{"line":182,"column":null}},"48":{"start":{"line":178,"column":22},"end":{"line":178,"column":null}},"49":{"start":{"line":179,"column":4},"end":{"line":181,"column":null}},"50":{"start":{"line":180,"column":6},"end":{"line":180,"column":null}},"51":{"start":{"line":185,"column":2},"end":{"line":200,"column":null}},"52":{"start":{"line":187,"column":4},"end":{"line":192,"column":null}},"53":{"start":{"line":188,"column":25},"end":{"line":188,"column":null}},"54":{"start":{"line":189,"column":6},"end":{"line":191,"column":null}},"55":{"start":{"line":190,"column":8},"end":{"line":190,"column":null}},"56":{"start":{"line":195,"column":19},"end":{"line":195,"column":null}},"57":{"start":{"line":196,"column":20},"end":{"line":196,"column":null}},"58":{"start":{"line":197,"column":4},"end":{"line":199,"column":null}},"59":{"start":{"line":198,"column":6},"end":{"line":198,"column":null}},"60":{"start":{"line":203,"column":2},"end":{"line":203,"column":null}},"61":{"start":{"line":210,"column":15},"end":{"line":210,"column":null}},"62":{"start":{"line":211,"column":14},"end":{"line":211,"column":null}},"63":{"start":{"line":212,"column":2},"end":{"line":214,"column":null}},"64":{"start":{"line":212,"column":15},"end":{"line":212,"column":18}},"65":{"start":{"line":213,"column":4},"end":{"line":213,"column":null}},"66":{"start":{"line":215,"column":2},"end":{"line":215,"column":null}},"67":{"start":{"line":224,"column":2},"end":{"line":242,"column":null}},"68":{"start":{"line":225,"column":21},"end":{"line":225,"column":null}},"69":{"start":{"line":226,"column":16},"end":{"line":226,"column":null}},"70":{"start":{"line":227,"column":46},"end":{"line":235,"column":null}},"71":{"start":{"line":236,"column":21},"end":{"line":236,"column":null}},"72":{"start":{"line":237,"column":19},"end":{"line":237,"column":null}},"73":{"start":{"line":238,"column":4},"end":{"line":238,"column":null}},"74":{"start":{"line":240,"column":4},"end":{"line":240,"column":null}},"75":{"start":{"line":241,"column":4},"end":{"line":241,"column":null}},"76":{"start":{"line":251,"column":16},"end":{"line":251,"column":null}},"77":{"start":{"line":252,"column":2},"end":{"line":252,"column":null}}},"fnMap":{"0":{"name":"selectLocalImage","decl":{"start":{"line":15,"column":22},"end":{"line":15,"column":65}},"loc":{"start":{"line":15,"column":65},"end":{"line":30,"column":null}},"line":15},"1":{"name":"getExtension","decl":{"start":{"line":35,"column":9},"end":{"line":35,"column":22}},"loc":{"start":{"line":35,"column":44},"end":{"line":37,"column":null}},"line":35},"2":{"name":"isLocalPath","decl":{"start":{"line":44,"column":16},"end":{"line":44,"column":28}},"loc":{"start":{"line":44,"column":51},"end":{"line":55,"column":null}},"line":44},"3":{"name":"isUrl","decl":{"start":{"line":62,"column":16},"end":{"line":62,"column":22}},"loc":{"start":{"line":62,"column":45},"end":{"line":64,"column":null}},"line":62},"4":{"name":"copyImageToAssets","decl":{"start":{"line":72,"column":22},"end":{"line":72,"column":null}},"loc":{"start":{"line":75,"column":26},"end":{"line":102,"column":null}},"line":75},"5":{"name":"getRelativePath","decl":{"start":{"line":109,"column":9},"end":{"line":109,"column":25}},"loc":{"start":{"line":109,"column":66},"end":{"line":136,"column":null}},"line":109},"6":{"name":"(anonymous_6)","decl":{"start":{"line":111,"column":46},"end":{"line":111,"column":51}},"loc":{"start":{"line":111,"column":51},"end":{"line":111,"column":63}},"line":111},"7":{"name":"(anonymous_7)","decl":{"start":{"line":112,"column":43},"end":{"line":112,"column":48}},"loc":{"start":{"line":112,"column":48},"end":{"line":112,"column":60}},"line":112},"8":{"name":"createImageMarkdown","decl":{"start":{"line":159,"column":22},"end":{"line":159,"column":null}},"loc":{"start":{"line":164,"column":19},"end":{"line":204,"column":null}},"line":164},"9":{"name":"uint8ArrayToBase64","decl":{"start":{"line":209,"column":9},"end":{"line":209,"column":28}},"loc":{"start":{"line":209,"column":55},"end":{"line":216,"column":null}},"line":209},"10":{"name":"imageToBase64","decl":{"start":{"line":223,"column":22},"end":{"line":223,"column":36}},"loc":{"start":{"line":223,"column":79},"end":{"line":243,"column":null}},"line":223},"11":{"name":"extractImagePath","decl":{"start":{"line":250,"column":16},"end":{"line":250,"column":33}},"loc":{"start":{"line":250,"column":66},"end":{"line":253,"column":null}},"line":250}},"branchMap":{"0":{"loc":{"start":{"line":26,"column":2},"end":{"line":28,"column":null}},"type":"if","locations":[{"start":{"line":26,"column":2},"end":{"line":28,"column":null}},{"start":{},"end":{}}],"line":26},"1":{"loc":{"start":{"line":36,"column":9},"end":{"line":36,"column":null}},"type":"binary-expr","locations":[{"start":{"line":36,"column":9},"end":{"line":36,"column":49}},{"start":{"line":36,"column":49},"end":{"line":36,"column":null}}],"line":36},"2":{"loc":{"start":{"line":46,"column":2},"end":{"line":48,"column":null}},"type":"if","locations":[{"start":{"line":46,"column":2},"end":{"line":48,"column":null}},{"start":{},"end":{}}],"line":46},"3":{"loc":{"start":{"line":46,"column":6},"end":{"line":46,"column":118}},"type":"binary-expr","locations":[{"start":{"line":46,"column":6},"end":{"line":46,"column":34}},{"start":{"line":46,"column":34},"end":{"line":46,"column":64}},{"start":{"line":46,"column":64},"end":{"line":46,"column":95}},{"start":{"line":46,"column":95},"end":{"line":46,"column":118}}],"line":46},"4":{"loc":{"start":{"line":50,"column":4},"end":{"line":53,"column":null}},"type":"binary-expr","locations":[{"start":{"line":50,"column":4},"end":{"line":50,"column":null}},{"start":{"line":51,"column":4},"end":{"line":51,"column":null}},{"start":{"line":52,"column":4},"end":{"line":52,"column":null}},{"start":{"line":53,"column":4},"end":{"line":53,"column":null}}],"line":50},"5":{"loc":{"start":{"line":63,"column":9},"end":{"line":63,"column":null}},"type":"binary-expr","locations":[{"start":{"line":63,"column":9},"end":{"line":63,"column":39}},{"start":{"line":63,"column":39},"end":{"line":63,"column":70}},{"start":{"line":63,"column":70},"end":{"line":63,"column":98}},{"start":{"line":63,"column":98},"end":{"line":63,"column":null}}],"line":63},"6":{"loc":{"start":{"line":82,"column":4},"end":{"line":84,"column":null}},"type":"if","locations":[{"start":{"line":82,"column":4},"end":{"line":84,"column":null}},{"start":{},"end":{}}],"line":82},"7":{"loc":{"start":{"line":117,"column":4},"end":{"line":121,"column":null}},"type":"if","locations":[{"start":{"line":117,"column":4},"end":{"line":121,"column":null}},{"start":{"line":119,"column":11},"end":{"line":121,"column":null}}],"line":117},"8":{"loc":{"start":{"line":135,"column":9},"end":{"line":135,"column":null}},"type":"cond-expr","locations":[{"start":{"line":135,"column":29},"end":{"line":135,"column":55}},{"start":{"line":135,"column":55},"end":{"line":135,"column":null}}],"line":135},"9":{"loc":{"start":{"line":163,"column":2},"end":{"line":163,"column":null}},"type":"default-arg","locations":[{"start":{"line":163,"column":32},"end":{"line":163,"column":null}}],"line":163},"10":{"loc":{"start":{"line":165,"column":10},"end":{"line":165,"column":31}},"type":"default-arg","locations":[{"start":{"line":165,"column":25},"end":{"line":165,"column":31}}],"line":165},"11":{"loc":{"start":{"line":165,"column":31},"end":{"line":165,"column":49}},"type":"default-arg","locations":[{"start":{"line":165,"column":43},"end":{"line":165,"column":49}}],"line":165},"12":{"loc":{"start":{"line":177,"column":2},"end":{"line":182,"column":null}},"type":"if","locations":[{"start":{"line":177,"column":2},"end":{"line":182,"column":null}},{"start":{},"end":{}}],"line":177},"13":{"loc":{"start":{"line":177,"column":6},"end":{"line":177,"column":42}},"type":"binary-expr","locations":[{"start":{"line":177,"column":6},"end":{"line":177,"column":19}},{"start":{"line":177,"column":19},"end":{"line":177,"column":42}}],"line":177},"14":{"loc":{"start":{"line":179,"column":4},"end":{"line":181,"column":null}},"type":"if","locations":[{"start":{"line":179,"column":4},"end":{"line":181,"column":null}},{"start":{},"end":{}}],"line":179},"15":{"loc":{"start":{"line":185,"column":2},"end":{"line":200,"column":null}},"type":"if","locations":[{"start":{"line":185,"column":2},"end":{"line":200,"column":null}},{"start":{},"end":{}}],"line":185},"16":{"loc":{"start":{"line":187,"column":4},"end":{"line":192,"column":null}},"type":"if","locations":[{"start":{"line":187,"column":4},"end":{"line":192,"column":null}},{"start":{},"end":{}}],"line":187},"17":{"loc":{"start":{"line":189,"column":6},"end":{"line":191,"column":null}},"type":"if","locations":[{"start":{"line":189,"column":6},"end":{"line":191,"column":null}},{"start":{},"end":{}}],"line":189},"18":{"loc":{"start":{"line":197,"column":4},"end":{"line":199,"column":null}},"type":"if","locations":[{"start":{"line":197,"column":4},"end":{"line":199,"column":null}},{"start":{},"end":{}}],"line":197},"19":{"loc":{"start":{"line":197,"column":8},"end":{"line":197,"column":42}},"type":"binary-expr","locations":[{"start":{"line":197,"column":8},"end":{"line":197,"column":19}},{"start":{"line":197,"column":19},"end":{"line":197,"column":42}}],"line":197},"20":{"loc":{"start":{"line":236,"column":21},"end":{"line":236,"column":null}},"type":"binary-expr","locations":[{"start":{"line":236,"column":21},"end":{"line":236,"column":39}},{"start":{"line":236,"column":39},"end":{"line":236,"column":null}}],"line":236},"21":{"loc":{"start":{"line":252,"column":9},"end":{"line":252,"column":null}},"type":"cond-expr","locations":[{"start":{"line":252,"column":17},"end":{"line":252,"column":28}},{"start":{"line":252,"column":28},"end":{"line":252,"column":null}}],"line":252}},"s":{"0":0,"1":0,"2":0,"3":0,"4":0,"5":22,"6":6,"7":16,"8":24,"9":0,"10":0,"11":0,"12":0,"13":0,"14":0,"15":0,"16":0,"17":0,"18":0,"19":0,"20":0,"21":0,"22":0,"23":0,"24":0,"25":0,"26":0,"27":0,"28":0,"29":0,"30":0,"31":0,"32":0,"33":0,"34":0,"35":0,"36":0,"37":0,"38":0,"39":0,"40":0,"41":0,"42":0,"43":0,"44":0,"45":0,"46":0,"47":0,"48":0,"49":0,"50":0,"51":0,"52":0,"53":0,"54":0,"55":0,"56":0,"57":0,"58":0,"59":0,"60":0,"61":0,"62":0,"63":0,"64":0,"65":0,"66":0,"67":0,"68":0,"69":0,"70":0,"71":0,"72":0,"73":0,"74":0,"75":0,"76":10,"77":10},"f":{"0":0,"1":0,"2":22,"3":24,"4":0,"5":0,"6":0,"7":0,"8":0,"9":0,"10":0,"11":10},"b":{"0":[0,0],"1":[0,0],"2":[6,16],"3":[22,20,19,18],"4":[16,12,4,3],"5":[24,23,19,16],"6":[0,0],"7":[0,0],"8":[0,0],"9":[0],"10":[0],"11":[0],"12":[0,0],"13":[0,0],"14":[0,0],"15":[0,0],"16":[0,0],"17":[0,0],"18":[0,0],"19":[0,0],"20":[0,0],"21":[8,2]},"meta":{"lastBranch":22,"lastFunction":12,"lastStatement":78,"seen":{"f:15:22:15:65":0,"s:16:19:24:Infinity":0,"b:26:2:28:Infinity:undefined:undefined:undefined:undefined":0,"s:26:2:28:Infinity":1,"s:27:4:27:Infinity":2,"s:29:2:29:Infinity":3,"f:35:9:35:22":1,"s:36:2:36:Infinity":4,"b:36:9:36:49:36:49:36:Infinity":1,"f:44:16:44:28":2,"b:46:2:48:Infinity:undefined:undefined:undefined:undefined":2,"s:46:2:48:Infinity":5,"b:46:6:46:34:46:34:46:64:46:64:46:95:46:95:46:118":3,"s:47:4:47:Infinity":6,"s:49:2:53:Infinity":7,"b:50:4:50:Infinity:51:4:51:Infinity:52:4:52:Infinity:53:4:53:Infinity":4,"f:62:16:62:22":3,"s:63:2:63:Infinity":8,"b:63:9:63:39:63:39:63:70:63:70:63:98:63:98:63:Infinity":5,"f:72:22:72:Infinity":4,"s:76:2:101:Infinity":9,"s:77:19:77:Infinity":10,"s:78:22:78:Infinity":11,"s:81:25:81:Infinity":12,"b:82:4:84:Infinity:undefined:undefined:undefined:undefined":6,"s:82:4:84:Infinity":13,"s:83:6:83:Infinity":14,"s:87:25:87:Infinity":15,"s:88:22:88:Infinity":16,"s:89:21:89:Infinity":17,"s:90:23:90:Infinity":18,"s:91:23:91:Infinity":19,"s:94:4:94:Infinity":20,"s:97:4:97:Infinity":21,"s:99:4:99:Infinity":22,"s:100:4:100:Infinity":23,"f:109:9:109:25":5,"s:111:20:111:Infinity":24,"f:111:46:111:51":6,"s:111:51:111:63":25,"s:112:18:112:Infinity":26,"f:112:43:112:48":7,"s:112:48:112:60":27,"s:115:21:115:Infinity":28,"s:116:2:122:Infinity":29,"s:116:15:116:18":30,"b:117:4:121:Infinity:119:11:121:Infinity":7,"s:117:4:121:Infinity":31,"s:118:6:118:Infinity":32,"s:120:6:120:Infinity":33,"s:125:18:125:Infinity":34,"s:126:25:126:Infinity":35,"s:129:17:129:Infinity":36,"s:130:2:132:Infinity":37,"s:130:15:130:18":38,"s:131:4:131:Infinity":39,"s:133:2:133:Infinity":40,"s:135:2:135:Infinity":41,"b:135:29:135:55:135:55:135:Infinity":8,"f:159:22:159:Infinity":8,"b:163:32:163:Infinity":9,"s:165:53:165:Infinity":42,"b:165:25:165:31":10,"b:165:43:165:49":11,"s:168:17:168:Infinity":43,"s:169:2:174:Infinity":44,"s:170:21:170:Infinity":45,"s:171:4:171:Infinity":46,"b:177:2:182:Infinity:undefined:undefined:undefined:undefined":12,"s:177:2:182:Infinity":47,"b:177:6:177:19:177:19:177:42":13,"s:178:22:178:Infinity":48,"b:179:4:181:Infinity:undefined:undefined:undefined:undefined":14,"s:179:4:181:Infinity":49,"s:180:6:180:Infinity":50,"b:185:2:200:Infinity:undefined:undefined:undefined:undefined":15,"s:185:2:200:Infinity":51,"b:187:4:192:Infinity:undefined:undefined:undefined:undefined":16,"s:187:4:192:Infinity":52,"s:188:25:188:Infinity":53,"b:189:6:191:Infinity:undefined:undefined:undefined:undefined":17,"s:189:6:191:Infinity":54,"s:190:8:190:Infinity":55,"s:195:19:195:Infinity":56,"s:196:20:196:Infinity":57,"b:197:4:199:Infinity:undefined:undefined:undefined:undefined":18,"s:197:4:199:Infinity":58,"b:197:8:197:19:197:19:197:42":19,"s:198:6:198:Infinity":59,"s:203:2:203:Infinity":60,"f:209:9:209:28":9,"s:210:15:210:Infinity":61,"s:211:14:211:Infinity":62,"s:212:2:214:Infinity":63,"s:212:15:212:18":64,"s:213:4:213:Infinity":65,"s:215:2:215:Infinity":66,"f:223:22:223:36":10,"s:224:2:242:Infinity":67,"s:225:21:225:Infinity":68,"s:226:16:226:Infinity":69,"s:227:46:235:Infinity":70,"s:236:21:236:Infinity":71,"b:236:21:236:39:236:39:236:Infinity":20,"s:237:19:237:Infinity":72,"s:238:4:238:Infinity":73,"s:240:4:240:Infinity":74,"s:241:4:241:Infinity":75,"f:250:16:250:33":11,"s:251:16:251:Infinity":76,"s:252:2:252:Infinity":77,"b:252:17:252:28:252:28:252:Infinity":21}}}
,"/Volumes/hagibis1t/huicom/github/markdown/vividmark/src/lib/logger.ts": {"path":"/Volumes/hagibis1t/huicom/github/markdown/vividmark/src/lib/logger.ts","statementMap":{"0":{"start":{"line":19,"column":45},"end":{"line":24,"column":null}},"1":{"start":{"line":27,"column":14},"end":{"line":27,"column":null}},"2":{"start":{"line":28,"column":27},"end":{"line":28,"column":null}},"3":{"start":{"line":31,"column":15},"end":{"line":31,"column":null}},"4":{"start":{"line":37,"column":8},"end":{"line":37,"column":null}},"5":{"start":{"line":38,"column":2},"end":{"line":38,"column":null}},"6":{"start":{"line":45,"column":20},"end":{"line":47,"column":null}},"7":{"start":{"line":46,"column":4},"end":{"line":46,"column":null}},"8":{"start":{"line":49,"column":2},"end":{"line":107,"column":null}},"9":{"start":{"line":51,"column":6},"end":{"line":57,"column":null}},"10":{"start":{"line":52,"column":8},"end":{"line":56,"column":null}},"11":{"start":{"line":53,"column":10},"end":{"line":53,"column":null}},"12":{"start":{"line":55,"column":10},"end":{"line":55,"column":null}},"13":{"start":{"line":61,"column":6},"end":{"line":67,"column":null}},"14":{"start":{"line":62,"column":8},"end":{"line":66,"column":null}},"15":{"start":{"line":63,"column":10},"end":{"line":63,"column":null}},"16":{"start":{"line":65,"column":10},"end":{"line":65,"column":null}},"17":{"start":{"line":71,"column":6},"end":{"line":77,"column":null}},"18":{"start":{"line":72,"column":8},"end":{"line":76,"column":null}},"19":{"start":{"line":73,"column":10},"end":{"line":73,"column":null}},"20":{"start":{"line":75,"column":10},"end":{"line":75,"column":null}},"21":{"start":{"line":81,"column":6},"end":{"line":87,"column":null}},"22":{"start":{"line":82,"column":8},"end":{"line":86,"column":null}},"23":{"start":{"line":83,"column":10},"end":{"line":83,"column":null}},"24":{"start":{"line":85,"column":10},"end":{"line":85,"column":null}},"25":{"start":{"line":91,"column":6},"end":{"line":93,"column":null}},"26":{"start":{"line":92,"column":8},"end":{"line":92,"column":null}},"27":{"start":{"line":97,"column":6},"end":{"line":105,"column":null}},"28":{"start":{"line":98,"column":20},"end":{"line":98,"column":null}},"29":{"start":{"line":99,"column":26},"end":{"line":99,"column":null}},"30":{"start":{"line":100,"column":8},"end":{"line":104,"column":null}},"31":{"start":{"line":101,"column":26},"end":{"line":101,"column":null}},"32":{"start":{"line":102,"column":10},"end":{"line":102,"column":null}},"33":{"start":{"line":103,"column":10},"end":{"line":103,"column":null}},"34":{"start":{"line":111,"column":29},"end":{"line":111,"column":null}},"35":{"start":{"line":112,"column":30},"end":{"line":112,"column":null}},"36":{"start":{"line":113,"column":28},"end":{"line":113,"column":null}},"37":{"start":{"line":114,"column":30},"end":{"line":114,"column":null}}},"fnMap":{"0":{"name":"formatOutput","decl":{"start":{"line":36,"column":9},"end":{"line":36,"column":22}},"loc":{"start":{"line":36,"column":80},"end":{"line":39,"column":null}},"line":36},"1":{"name":"createLogger","decl":{"start":{"line":44,"column":16},"end":{"line":44,"column":29}},"loc":{"start":{"line":44,"column":53},"end":{"line":108,"column":null}},"line":44},"2":{"name":"(anonymous_2)","decl":{"start":{"line":45,"column":20},"end":{"line":45,"column":21}},"loc":{"start":{"line":45,"column":50},"end":{"line":47,"column":null}},"line":45},"3":{"name":"(anonymous_3)","decl":{"start":{"line":50,"column":4},"end":{"line":50,"column":10}},"loc":{"start":{"line":50,"column":49},"end":{"line":58,"column":null}},"line":50},"4":{"name":"(anonymous_4)","decl":{"start":{"line":60,"column":4},"end":{"line":60,"column":9}},"loc":{"start":{"line":60,"column":48},"end":{"line":68,"column":null}},"line":60},"5":{"name":"(anonymous_5)","decl":{"start":{"line":70,"column":4},"end":{"line":70,"column":9}},"loc":{"start":{"line":70,"column":48},"end":{"line":78,"column":null}},"line":70},"6":{"name":"(anonymous_6)","decl":{"start":{"line":80,"column":4},"end":{"line":80,"column":10}},"loc":{"start":{"line":80,"column":50},"end":{"line":88,"column":null}},"line":80},"7":{"name":"(anonymous_7)","decl":{"start":{"line":90,"column":4},"end":{"line":90,"column":9}},"loc":{"start":{"line":90,"column":30},"end":{"line":94,"column":null}},"line":90},"8":{"name":"(anonymous_8)","decl":{"start":{"line":96,"column":4},"end":{"line":96,"column":12}},"loc":{"start":{"line":96,"column":33},"end":{"line":106,"column":null}},"line":96}},"branchMap":{"0":{"loc":{"start":{"line":28,"column":27},"end":{"line":28,"column":null}},"type":"cond-expr","locations":[{"start":{"line":28,"column":35},"end":{"line":28,"column":45}},{"start":{"line":28,"column":45},"end":{"line":28,"column":null}}],"line":28},"1":{"loc":{"start":{"line":51,"column":6},"end":{"line":57,"column":null}},"type":"if","locations":[{"start":{"line":51,"column":6},"end":{"line":57,"column":null}},{"start":{},"end":{}}],"line":51},"2":{"loc":{"start":{"line":52,"column":8},"end":{"line":56,"column":null}},"type":"if","locations":[{"start":{"line":52,"column":8},"end":{"line":56,"column":null}},{"start":{"line":54,"column":15},"end":{"line":56,"column":null}}],"line":52},"3":{"loc":{"start":{"line":61,"column":6},"end":{"line":67,"column":null}},"type":"if","locations":[{"start":{"line":61,"column":6},"end":{"line":67,"column":null}},{"start":{},"end":{}}],"line":61},"4":{"loc":{"start":{"line":62,"column":8},"end":{"line":66,"column":null}},"type":"if","locations":[{"start":{"line":62,"column":8},"end":{"line":66,"column":null}},{"start":{"line":64,"column":15},"end":{"line":66,"column":null}}],"line":62},"5":{"loc":{"start":{"line":71,"column":6},"end":{"line":77,"column":null}},"type":"if","locations":[{"start":{"line":71,"column":6},"end":{"line":77,"column":null}},{"start":{},"end":{}}],"line":71},"6":{"loc":{"start":{"line":72,"column":8},"end":{"line":76,"column":null}},"type":"if","locations":[{"start":{"line":72,"column":8},"end":{"line":76,"column":null}},{"start":{"line":74,"column":15},"end":{"line":76,"column":null}}],"line":72},"7":{"loc":{"start":{"line":81,"column":6},"end":{"line":87,"column":null}},"type":"if","locations":[{"start":{"line":81,"column":6},"end":{"line":87,"column":null}},{"start":{},"end":{}}],"line":81},"8":{"loc":{"start":{"line":82,"column":8},"end":{"line":86,"column":null}},"type":"if","locations":[{"start":{"line":82,"column":8},"end":{"line":86,"column":null}},{"start":{"line":84,"column":15},"end":{"line":86,"column":null}}],"line":82},"9":{"loc":{"start":{"line":91,"column":6},"end":{"line":93,"column":null}},"type":"if","locations":[{"start":{"line":91,"column":6},"end":{"line":93,"column":null}},{"start":{},"end":{}}],"line":91},"10":{"loc":{"start":{"line":97,"column":6},"end":{"line":105,"column":null}},"type":"if","locations":[{"start":{"line":97,"column":6},"end":{"line":105,"column":null}},{"start":{},"end":{}}],"line":97},"11":{"loc":{"start":{"line":100,"column":8},"end":{"line":104,"column":null}},"type":"if","locations":[{"start":{"line":100,"column":8},"end":{"line":104,"column":null}},{"start":{},"end":{}}],"line":100}},"s":{"0":2,"1":2,"2":2,"3":2,"4":22,"5":22,"6":22,"7":17,"8":22,"9":5,"10":5,"11":4,"12":1,"13":4,"14":4,"15":0,"16":4,"17":1,"18":1,"19":0,"20":1,"21":7,"22":7,"23":3,"24":4,"25":5,"26":5,"27":5,"28":5,"29":5,"30":5,"31":5,"32":5,"33":5,"34":2,"35":2,"36":2,"37":2},"f":{"0":22,"1":22,"2":17,"3":5,"4":4,"5":1,"6":7,"7":5,"8":5},"b":{"0":[2,0],"1":[5,0],"2":[4,1],"3":[4,0],"4":[0,4],"5":[1,0],"6":[0,1],"7":[7,0],"8":[3,4],"9":[5,0],"10":[5,0],"11":[5,0]},"meta":{"lastBranch":12,"lastFunction":9,"lastStatement":38,"seen":{"s:19:45:24:Infinity":0,"s:27:14:27:Infinity":1,"s:28:27:28:Infinity":2,"b:28:35:28:45:28:45:28:Infinity":0,"s:31:15:31:Infinity":3,"f:36:9:36:22":0,"s:37:8:37:Infinity":4,"s:38:2:38:Infinity":5,"f:44:16:44:29":1,"s:45:20:47:Infinity":6,"f:45:20:45:21":2,"s:46:4:46:Infinity":7,"s:49:2:107:Infinity":8,"f:50:4:50:10":3,"b:51:6:57:Infinity:undefined:undefined:undefined:undefined":1,"s:51:6:57:Infinity":9,"b:52:8:56:Infinity:54:15:56:Infinity":2,"s:52:8:56:Infinity":10,"s:53:10:53:Infinity":11,"s:55:10:55:Infinity":12,"f:60:4:60:9":4,"b:61:6:67:Infinity:undefined:undefined:undefined:undefined":3,"s:61:6:67:Infinity":13,"b:62:8:66:Infinity:64:15:66:Infinity":4,"s:62:8:66:Infinity":14,"s:63:10:63:Infinity":15,"s:65:10:65:Infinity":16,"f:70:4:70:9":5,"b:71:6:77:Infinity:undefined:undefined:undefined:undefined":5,"s:71:6:77:Infinity":17,"b:72:8:76:Infinity:74:15:76:Infinity":6,"s:72:8:76:Infinity":18,"s:73:10:73:Infinity":19,"s:75:10:75:Infinity":20,"f:80:4:80:10":6,"b:81:6:87:Infinity:undefined:undefined:undefined:undefined":7,"s:81:6:87:Infinity":21,"b:82:8:86:Infinity:84:15:86:Infinity":8,"s:82:8:86:Infinity":22,"s:83:10:83:Infinity":23,"s:85:10:85:Infinity":24,"f:90:4:90:9":7,"b:91:6:93:Infinity:undefined:undefined:undefined:undefined":9,"s:91:6:93:Infinity":25,"s:92:8:92:Infinity":26,"f:96:4:96:12":8,"b:97:6:105:Infinity:undefined:undefined:undefined:undefined":10,"s:97:6:105:Infinity":27,"s:98:20:98:Infinity":28,"s:99:26:99:Infinity":29,"b:100:8:104:Infinity:undefined:undefined:undefined:undefined":11,"s:100:8:104:Infinity":30,"s:101:26:101:Infinity":31,"s:102:10:102:Infinity":32,"s:103:10:103:Infinity":33,"s:111:29:111:Infinity":34,"s:112:30:112:Infinity":35,"s:113:28:113:Infinity":36,"s:114:30:114:Infinity":37}}}
,"/Volumes/hagibis1t/huicom/github/markdown/vividmark/src/lib/markdown/parser.ts": {"path":"/Volumes/hagibis1t/huicom/github/markdown/vividmark/src/lib/markdown/parser.ts","statementMap":{"0":{"start":{"line":9,"column":2},"end":{"line":9,"column":null}},"1":{"start":{"line":15,"column":2},"end":{"line":17,"column":null}},"2":{"start":{"line":16,"column":4},"end":{"line":16,"column":null}},"3":{"start":{"line":20,"column":2},"end":{"line":29,"column":null}},"4":{"start":{"line":21,"column":4},"end":{"line":28,"column":null}},"5":{"start":{"line":22,"column":12},"end":{"line":22,"column":null}},"6":{"start":{"line":23,"column":6},"end":{"line":23,"column":null}},"7":{"start":{"line":24,"column":6},"end":{"line":24,"column":null}},"8":{"start":{"line":26,"column":6},"end":{"line":26,"column":null}},"9":{"start":{"line":27,"column":6},"end":{"line":27,"column":null}},"10":{"start":{"line":31,"column":2},"end":{"line":31,"column":null}},"11":{"start":{"line":35,"column":11},"end":{"line":57,"column":null}},"12":{"start":{"line":42,"column":4},"end":{"line":48,"column":null}},"13":{"start":{"line":43,"column":6},"end":{"line":47,"column":null}},"14":{"start":{"line":44,"column":8},"end":{"line":44,"column":null}},"15":{"start":{"line":50,"column":4},"end":{"line":55,"column":null}},"16":{"start":{"line":51,"column":6},"end":{"line":51,"column":null}},"17":{"start":{"line":54,"column":6},"end":{"line":54,"column":null}},"18":{"start":{"line":60,"column":22},"end":{"line":62,"column":null}},"19":{"start":{"line":61,"column":2},"end":{"line":61,"column":null}},"20":{"start":{"line":64,"column":0},"end":{"line":74,"column":null}},"21":{"start":{"line":65,"column":16},"end":{"line":65,"column":null}},"22":{"start":{"line":66,"column":19},"end":{"line":66,"column":null}},"23":{"start":{"line":68,"column":2},"end":{"line":71,"column":null}},"24":{"start":{"line":69,"column":16},"end":{"line":69,"column":null}},"25":{"start":{"line":70,"column":4},"end":{"line":70,"column":null}},"26":{"start":{"line":73,"column":2},"end":{"line":73,"column":null}},"27":{"start":{"line":77,"column":19},"end":{"line":77,"column":null}},"28":{"start":{"line":83,"column":15},"end":{"line":83,"column":null}},"29":{"start":{"line":84,"column":14},"end":{"line":84,"column":null}},"30":{"start":{"line":85,"column":2},"end":{"line":87,"column":null}},"31":{"start":{"line":85,"column":15},"end":{"line":85,"column":18}},"32":{"start":{"line":86,"column":4},"end":{"line":86,"column":null}},"33":{"start":{"line":88,"column":2},"end":{"line":88,"column":null}},"34":{"start":{"line":95,"column":14},"end":{"line":95,"column":null}},"35":{"start":{"line":96,"column":44},"end":{"line":104,"column":null}},"36":{"start":{"line":105,"column":2},"end":{"line":105,"column":null}},"37":{"start":{"line":113,"column":2},"end":{"line":116,"column":null}},"38":{"start":{"line":114,"column":4},"end":{"line":114,"column":null}},"39":{"start":{"line":115,"column":4},"end":{"line":115,"column":null}},"40":{"start":{"line":118,"column":2},"end":{"line":118,"column":null}},"41":{"start":{"line":119,"column":2},"end":{"line":132,"column":null}},"42":{"start":{"line":120,"column":21},"end":{"line":120,"column":null}},"43":{"start":{"line":121,"column":4},"end":{"line":121,"column":null}},"44":{"start":{"line":122,"column":21},"end":{"line":122,"column":null}},"45":{"start":{"line":123,"column":19},"end":{"line":123,"column":null}},"46":{"start":{"line":124,"column":20},"end":{"line":124,"column":null}},"47":{"start":{"line":126,"column":4},"end":{"line":126,"column":null}},"48":{"start":{"line":127,"column":4},"end":{"line":127,"column":null}},"49":{"start":{"line":128,"column":4},"end":{"line":128,"column":null}},"50":{"start":{"line":130,"column":4},"end":{"line":130,"column":null}},"51":{"start":{"line":131,"column":4},"end":{"line":131,"column":null}},"52":{"start":{"line":139,"column":2},"end":{"line":156,"column":null}},"53":{"start":{"line":140,"column":4},"end":{"line":140,"column":null}},"54":{"start":{"line":141,"column":2},"end":{"line":156,"column":null}},"55":{"start":{"line":143,"column":18},"end":{"line":143,"column":null}},"56":{"start":{"line":144,"column":26},"end":{"line":144,"column":null}},"57":{"start":{"line":145,"column":18},"end":{"line":145,"column":null}},"58":{"start":{"line":146,"column":4},"end":{"line":152,"column":null}},"59":{"start":{"line":147,"column":6},"end":{"line":151,"column":null}},"60":{"start":{"line":148,"column":8},"end":{"line":148,"column":null}},"61":{"start":{"line":150,"column":8},"end":{"line":150,"column":null}},"62":{"start":{"line":153,"column":20},"end":{"line":153,"column":null}},"63":{"start":{"line":154,"column":22},"end":{"line":154,"column":null}},"64":{"start":{"line":155,"column":4},"end":{"line":155,"column":null}},"65":{"start":{"line":157,"column":2},"end":{"line":157,"column":null}},"66":{"start":{"line":166,"column":21},"end":{"line":166,"column":null}},"67":{"start":{"line":167,"column":70},"end":{"line":167,"column":null}},"68":{"start":{"line":170,"column":2},"end":{"line":176,"column":null}},"69":{"start":{"line":171,"column":4},"end":{"line":175,"column":null}},"70":{"start":{"line":179,"column":2},"end":{"line":181,"column":null}},"71":{"start":{"line":180,"column":4},"end":{"line":180,"column":null}},"72":{"start":{"line":184,"column":2},"end":{"line":222,"column":null}},"73":{"start":{"line":185,"column":32},"end":{"line":185,"column":null}},"74":{"start":{"line":187,"column":4},"end":{"line":187,"column":null}},"75":{"start":{"line":190,"column":4},"end":{"line":193,"column":null}},"76":{"start":{"line":191,"column":6},"end":{"line":191,"column":null}},"77":{"start":{"line":192,"column":6},"end":{"line":192,"column":null}},"78":{"start":{"line":195,"column":23},"end":{"line":195,"column":null}},"79":{"start":{"line":198,"column":4},"end":{"line":207,"column":null}},"80":{"start":{"line":199,"column":6},"end":{"line":206,"column":null}},"81":{"start":{"line":200,"column":8},"end":{"line":200,"column":null}},"82":{"start":{"line":201,"column":8},"end":{"line":201,"column":null}},"83":{"start":{"line":204,"column":8},"end":{"line":204,"column":null}},"84":{"start":{"line":205,"column":8},"end":{"line":205,"column":null}},"85":{"start":{"line":210,"column":4},"end":{"line":221,"column":null}},"86":{"start":{"line":211,"column":6},"end":{"line":211,"column":null}},"87":{"start":{"line":212,"column":24},"end":{"line":212,"column":null}},"88":{"start":{"line":213,"column":6},"end":{"line":218,"column":null}},"89":{"start":{"line":215,"column":23},"end":{"line":215,"column":null}},"90":{"start":{"line":216,"column":8},"end":{"line":216,"column":null}},"91":{"start":{"line":217,"column":8},"end":{"line":217,"column":null}},"92":{"start":{"line":220,"column":6},"end":{"line":220,"column":null}},"93":{"start":{"line":224,"column":2},"end":{"line":224,"column":null}},"94":{"start":{"line":239,"column":2},"end":{"line":239,"column":null}},"95":{"start":{"line":248,"column":27},"end":{"line":248,"column":null}},"96":{"start":{"line":249,"column":2},"end":{"line":249,"column":null}},"97":{"start":{"line":254,"column":20},"end":{"line":261,"column":null}},"98":{"start":{"line":263,"column":2},"end":{"line":265,"column":null}},"99":{"start":{"line":264,"column":4},"end":{"line":264,"column":null}},"100":{"start":{"line":266,"column":2},"end":{"line":266,"column":null}}},"fnMap":{"0":{"name":"isTauri","decl":{"start":{"line":8,"column":9},"end":{"line":8,"column":28}},"loc":{"start":{"line":8,"column":28},"end":{"line":10,"column":null}},"line":8},"1":{"name":"convertImageSrc","decl":{"start":{"line":13,"column":9},"end":{"line":13,"column":25}},"loc":{"start":{"line":13,"column":46},"end":{"line":32,"column":null}},"line":13},"2":{"name":"(anonymous_2)","decl":{"start":{"line":40,"column":2},"end":{"line":40,"column":13}},"loc":{"start":{"line":40,"column":58},"end":{"line":56,"column":null}},"line":40},"3":{"name":"(anonymous_3)","decl":{"start":{"line":60,"column":49},"end":{"line":60,"column":58}},"loc":{"start":{"line":60,"column":91},"end":{"line":62,"column":null}},"line":60},"4":{"name":"(anonymous_4)","decl":{"start":{"line":64,"column":26},"end":{"line":64,"column":35}},"loc":{"start":{"line":64,"column":68},"end":{"line":74,"column":null}},"line":64},"5":{"name":"uint8ArrayToBase64","decl":{"start":{"line":82,"column":9},"end":{"line":82,"column":28}},"loc":{"start":{"line":82,"column":55},"end":{"line":89,"column":null}},"line":82},"6":{"name":"getMimeType","decl":{"start":{"line":94,"column":9},"end":{"line":94,"column":21}},"loc":{"start":{"line":94,"column":43},"end":{"line":106,"column":null}},"line":94},"7":{"name":"convertImageToBase64","decl":{"start":{"line":111,"column":15},"end":{"line":111,"column":36}},"loc":{"start":{"line":111,"column":72},"end":{"line":133,"column":null}},"line":111},"8":{"name":"resolveRelativePath","decl":{"start":{"line":138,"column":9},"end":{"line":138,"column":29}},"loc":{"start":{"line":138,"column":76},"end":{"line":158,"column":null}},"line":138},"9":{"name":"preprocessImages","decl":{"start":{"line":164,"column":22},"end":{"line":164,"column":39}},"loc":{"start":{"line":164,"column":91},"end":{"line":225,"column":null}},"line":164},"10":{"name":"parseMarkdown","decl":{"start":{"line":235,"column":16},"end":{"line":235,"column":30}},"loc":{"start":{"line":235,"column":55},"end":{"line":240,"column":null}},"line":235},"11":{"name":"parseMarkdownAsync","decl":{"start":{"line":247,"column":22},"end":{"line":247,"column":41}},"loc":{"start":{"line":247,"column":93},"end":{"line":250,"column":null}},"line":247},"12":{"name":"getExcerpt","decl":{"start":{"line":253,"column":16},"end":{"line":253,"column":27}},"loc":{"start":{"line":253,"column":77},"end":{"line":267,"column":null}},"line":253}},"branchMap":{"0":{"loc":{"start":{"line":9,"column":9},"end":{"line":9,"column":null}},"type":"binary-expr","locations":[{"start":{"line":9,"column":9},"end":{"line":9,"column":42}},{"start":{"line":9,"column":42},"end":{"line":9,"column":null}}],"line":9},"1":{"loc":{"start":{"line":15,"column":2},"end":{"line":17,"column":null}},"type":"if","locations":[{"start":{"line":15,"column":2},"end":{"line":17,"column":null}},{"start":{},"end":{}}],"line":15},"2":{"loc":{"start":{"line":20,"column":2},"end":{"line":29,"column":null}},"type":"if","locations":[{"start":{"line":20,"column":2},"end":{"line":29,"column":null}},{"start":{},"end":{}}],"line":20},"3":{"loc":{"start":{"line":20,"column":2},"end":{"line":20,"column":37}},"type":"binary-expr","locations":[{"start":{"line":20,"column":2},"end":{"line":20,"column":26}},{"start":{"line":20,"column":26},"end":{"line":20,"column":37}}],"line":20},"4":{"loc":{"start":{"line":42,"column":4},"end":{"line":48,"column":null}},"type":"if","locations":[{"start":{"line":42,"column":4},"end":{"line":48,"column":null}},{"start":{},"end":{}}],"line":42},"5":{"loc":{"start":{"line":42,"column":8},"end":{"line":42,"column":40}},"type":"binary-expr","locations":[{"start":{"line":42,"column":8},"end":{"line":42,"column":16}},{"start":{"line":42,"column":16},"end":{"line":42,"column":40}}],"line":42},"6":{"loc":{"start":{"line":60,"column":22},"end":{"line":62,"column":null}},"type":"binary-expr","locations":[{"start":{"line":60,"column":22},"end":{"line":60,"column":49}},{"start":{"line":60,"column":49},"end":{"line":62,"column":null}}],"line":60},"7":{"loc":{"start":{"line":68,"column":2},"end":{"line":71,"column":null}},"type":"if","locations":[{"start":{"line":68,"column":2},"end":{"line":71,"column":null}},{"start":{},"end":{}}],"line":68},"8":{"loc":{"start":{"line":95,"column":14},"end":{"line":95,"column":null}},"type":"binary-expr","locations":[{"start":{"line":95,"column":14},"end":{"line":95,"column":54}},{"start":{"line":95,"column":54},"end":{"line":95,"column":null}}],"line":95},"9":{"loc":{"start":{"line":105,"column":9},"end":{"line":105,"column":null}},"type":"binary-expr","locations":[{"start":{"line":105,"column":9},"end":{"line":105,"column":27}},{"start":{"line":105,"column":27},"end":{"line":105,"column":null}}],"line":105},"10":{"loc":{"start":{"line":113,"column":2},"end":{"line":116,"column":null}},"type":"if","locations":[{"start":{"line":113,"column":2},"end":{"line":116,"column":null}},{"start":{},"end":{}}],"line":113},"11":{"loc":{"start":{"line":139,"column":2},"end":{"line":156,"column":null}},"type":"if","locations":[{"start":{"line":139,"column":2},"end":{"line":156,"column":null}},{"start":{"line":141,"column":2},"end":{"line":156,"column":null}}],"line":139},"12":{"loc":{"start":{"line":141,"column":2},"end":{"line":156,"column":null}},"type":"if","locations":[{"start":{"line":141,"column":2},"end":{"line":156,"column":null}},{"start":{},"end":{}}],"line":141},"13":{"loc":{"start":{"line":147,"column":6},"end":{"line":151,"column":null}},"type":"if","locations":[{"start":{"line":147,"column":6},"end":{"line":151,"column":null}},{"start":{"line":149,"column":13},"end":{"line":151,"column":null}}],"line":147},"14":{"loc":{"start":{"line":179,"column":2},"end":{"line":181,"column":null}},"type":"if","locations":[{"start":{"line":179,"column":2},"end":{"line":181,"column":null}},{"start":{},"end":{}}],"line":179},"15":{"loc":{"start":{"line":190,"column":4},"end":{"line":193,"column":null}},"type":"if","locations":[{"start":{"line":190,"column":4},"end":{"line":193,"column":null}},{"start":{},"end":{}}],"line":190},"16":{"loc":{"start":{"line":198,"column":4},"end":{"line":207,"column":null}},"type":"if","locations":[{"start":{"line":198,"column":4},"end":{"line":207,"column":null}},{"start":{},"end":{}}],"line":198},"17":{"loc":{"start":{"line":198,"column":8},"end":{"line":198,"column":57}},"type":"binary-expr","locations":[{"start":{"line":198,"column":8},"end":{"line":198,"column":33}},{"start":{"line":198,"column":33},"end":{"line":198,"column":57}}],"line":198},"18":{"loc":{"start":{"line":199,"column":6},"end":{"line":206,"column":null}},"type":"if","locations":[{"start":{"line":199,"column":6},"end":{"line":206,"column":null}},{"start":{"line":202,"column":13},"end":{"line":206,"column":null}}],"line":199},"19":{"loc":{"start":{"line":210,"column":4},"end":{"line":221,"column":null}},"type":"if","locations":[{"start":{"line":210,"column":4},"end":{"line":221,"column":null}},{"start":{"line":219,"column":11},"end":{"line":221,"column":null}}],"line":210},"20":{"loc":{"start":{"line":213,"column":6},"end":{"line":218,"column":null}},"type":"if","locations":[{"start":{"line":213,"column":6},"end":{"line":218,"column":null}},{"start":{},"end":{}}],"line":213},"21":{"loc":{"start":{"line":253,"column":44},"end":{"line":253,"column":77}},"type":"default-arg","locations":[{"start":{"line":253,"column":64},"end":{"line":253,"column":77}}],"line":253},"22":{"loc":{"start":{"line":263,"column":2},"end":{"line":265,"column":null}},"type":"if","locations":[{"start":{"line":263,"column":2},"end":{"line":265,"column":null}},{"start":{},"end":{}}],"line":263}},"s":{"0":7,"1":8,"2":1,"3":7,"4":7,"5":7,"6":7,"7":7,"8":0,"9":0,"10":0,"11":1,"12":4,"13":3,"14":3,"15":1,"16":1,"17":0,"18":1,"19":0,"20":1,"21":8,"22":8,"23":8,"24":8,"25":8,"26":8,"27":1,"28":0,"29":0,"30":0,"31":0,"32":0,"33":0,"34":0,"35":0,"36":0,"37":0,"38":0,"39":0,"40":0,"41":0,"42":0,"43":0,"44":0,"45":0,"46":0,"47":0,"48":0,"49":0,"50":0,"51":0,"52":0,"53":0,"54":0,"55":0,"56":0,"57":0,"58":0,"59":0,"60":0,"61":0,"62":0,"63":0,"64":0,"65":0,"66":7,"67":7,"68":7,"69":3,"70":7,"71":4,"72":3,"73":3,"74":3,"75":3,"76":2,"77":2,"78":1,"79":1,"80":1,"81":0,"82":0,"83":1,"84":1,"85":0,"86":0,"87":0,"88":0,"89":0,"90":0,"91":0,"92":0,"93":3,"94":22,"95":4,"96":4,"97":12,"98":12,"99":10,"100":2},"f":{"0":7,"1":8,"2":1,"3":0,"4":8,"5":0,"6":0,"7":0,"8":0,"9":7,"10":22,"11":4,"12":12},"b":{"0":[7,7],"1":[1,7],"2":[7,0],"3":[7,7],"4":[3,1],"5":[4,3],"6":[1,0],"7":[8,0],"8":[0,0],"9":[0,0],"10":[0,0],"11":[0,0],"12":[0,0],"13":[0,0],"14":[4,3],"15":[2,1],"16":[1,0],"17":[1,0],"18":[0,1],"19":[0,0],"20":[0,0],"21":[12],"22":[10,2]},"meta":{"lastBranch":23,"lastFunction":13,"lastStatement":101,"seen":{"f:8:9:8:28":0,"s:9:2:9:Infinity":0,"b:9:9:9:42:9:42:9:Infinity":0,"f:13:9:13:25":1,"b:15:2:17:Infinity:undefined:undefined:undefined:undefined":1,"s:15:2:17:Infinity":1,"s:16:4:16:Infinity":2,"b:20:2:29:Infinity:undefined:undefined:undefined:undefined":2,"s:20:2:29:Infinity":3,"b:20:2:20:26:20:26:20:37":3,"s:21:4:28:Infinity":4,"s:22:12:22:Infinity":5,"s:23:6:23:Infinity":6,"s:24:6:24:Infinity":7,"s:26:6:26:Infinity":8,"s:27:6:27:Infinity":9,"s:31:2:31:Infinity":10,"s:35:11:57:Infinity":11,"f:40:2:40:13":2,"b:42:4:48:Infinity:undefined:undefined:undefined:undefined":4,"s:42:4:48:Infinity":12,"b:42:8:42:16:42:16:42:40":5,"s:43:6:47:Infinity":13,"s:44:8:44:Infinity":14,"s:50:4:55:Infinity":15,"s:51:6:51:Infinity":16,"s:54:6:54:Infinity":17,"s:60:22:62:Infinity":18,"b:60:22:60:49:60:49:62:Infinity":6,"f:60:49:60:58":3,"s:61:2:61:Infinity":19,"s:64:0:74:Infinity":20,"f:64:26:64:35":4,"s:65:16:65:Infinity":21,"s:66:19:66:Infinity":22,"b:68:2:71:Infinity:undefined:undefined:undefined:undefined":7,"s:68:2:71:Infinity":23,"s:69:16:69:Infinity":24,"s:70:4:70:Infinity":25,"s:73:2:73:Infinity":26,"s:77:19:77:Infinity":27,"f:82:9:82:28":5,"s:83:15:83:Infinity":28,"s:84:14:84:Infinity":29,"s:85:2:87:Infinity":30,"s:85:15:85:18":31,"s:86:4:86:Infinity":32,"s:88:2:88:Infinity":33,"f:94:9:94:21":6,"s:95:14:95:Infinity":34,"b:95:14:95:54:95:54:95:Infinity":8,"s:96:44:104:Infinity":35,"s:105:2:105:Infinity":36,"b:105:9:105:27:105:27:105:Infinity":9,"f:111:15:111:36":7,"b:113:2:116:Infinity:undefined:undefined:undefined:undefined":10,"s:113:2:116:Infinity":37,"s:114:4:114:Infinity":38,"s:115:4:115:Infinity":39,"s:118:2:118:Infinity":40,"s:119:2:132:Infinity":41,"s:120:21:120:Infinity":42,"s:121:4:121:Infinity":43,"s:122:21:122:Infinity":44,"s:123:19:123:Infinity":45,"s:124:20:124:Infinity":46,"s:126:4:126:Infinity":47,"s:127:4:127:Infinity":48,"s:128:4:128:Infinity":49,"s:130:4:130:Infinity":50,"s:131:4:131:Infinity":51,"f:138:9:138:29":8,"b:139:2:156:Infinity:141:2:156:Infinity":11,"s:139:2:156:Infinity":52,"s:140:4:140:Infinity":53,"b:141:2:156:Infinity:undefined:undefined:undefined:undefined":12,"s:141:2:156:Infinity":54,"s:143:18:143:Infinity":55,"s:144:26:144:Infinity":56,"s:145:18:145:Infinity":57,"s:146:4:152:Infinity":58,"b:147:6:151:Infinity:149:13:151:Infinity":13,"s:147:6:151:Infinity":59,"s:148:8:148:Infinity":60,"s:150:8:150:Infinity":61,"s:153:20:153:Infinity":62,"s:154:22:154:Infinity":63,"s:155:4:155:Infinity":64,"s:157:2:157:Infinity":65,"f:164:22:164:39":9,"s:166:21:166:Infinity":66,"s:167:70:167:Infinity":67,"s:170:2:176:Infinity":68,"s:171:4:175:Infinity":69,"b:179:2:181:Infinity:undefined:undefined:undefined:undefined":14,"s:179:2:181:Infinity":70,"s:180:4:180:Infinity":71,"s:184:2:222:Infinity":72,"s:185:32:185:Infinity":73,"s:187:4:187:Infinity":74,"b:190:4:193:Infinity:undefined:undefined:undefined:undefined":15,"s:190:4:193:Infinity":75,"s:191:6:191:Infinity":76,"s:192:6:192:Infinity":77,"s:195:23:195:Infinity":78,"b:198:4:207:Infinity:undefined:undefined:undefined:undefined":16,"s:198:4:207:Infinity":79,"b:198:8:198:33:198:33:198:57":17,"b:199:6:206:Infinity:202:13:206:Infinity":18,"s:199:6:206:Infinity":80,"s:200:8:200:Infinity":81,"s:201:8:201:Infinity":82,"s:204:8:204:Infinity":83,"s:205:8:205:Infinity":84,"b:210:4:221:Infinity:219:11:221:Infinity":19,"s:210:4:221:Infinity":85,"s:211:6:211:Infinity":86,"s:212:24:212:Infinity":87,"b:213:6:218:Infinity:undefined:undefined:undefined:undefined":20,"s:213:6:218:Infinity":88,"s:215:23:215:Infinity":89,"s:216:8:216:Infinity":90,"s:217:8:217:Infinity":91,"s:220:6:220:Infinity":92,"s:224:2:224:Infinity":93,"f:235:16:235:30":10,"s:239:2:239:Infinity":94,"f:247:22:247:41":11,"s:248:27:248:Infinity":95,"s:249:2:249:Infinity":96,"f:253:16:253:27":12,"b:253:64:253:77":21,"s:254:20:261:Infinity":97,"b:263:2:265:Infinity:undefined:undefined:undefined:undefined":22,"s:263:2:265:Infinity":98,"s:264:4:264:Infinity":99,"s:266:2:266:Infinity":100}}}
,"/Volumes/hagibis1t/huicom/github/markdown/vividmark/src/stores/editorStore.ts": {"path":"/Volumes/hagibis1t/huicom/github/markdown/vividmark/src/stores/editorStore.ts","statementMap":{"0":{"start":{"line":46,"column":24},"end":{"line":46,"column":null}},"1":{"start":{"line":68,"column":25},"end":{"line":68,"column":null}},"2":{"start":{"line":70,"column":13},"end":{"line":133,"column":null}},"3":{"start":{"line":72,"column":14},"end":{"line":123,"column":null}},"4":{"start":{"line":85,"column":31},"end":{"line":85,"column":null}},"5":{"start":{"line":86,"column":29},"end":{"line":86,"column":null}},"6":{"start":{"line":87,"column":29},"end":{"line":87,"column":null}},"7":{"start":{"line":88,"column":27},"end":{"line":88,"column":null}},"8":{"start":{"line":91,"column":8},"end":{"line":103,"column":null}},"9":{"start":{"line":93,"column":27},"end":{"line":93,"column":null}},"10":{"start":{"line":93,"column":59},"end":{"line":93,"column":74}},"11":{"start":{"line":95,"column":38},"end":{"line":99,"column":null}},"12":{"start":{"line":101,"column":30},"end":{"line":101,"column":null}},"13":{"start":{"line":102,"column":10},"end":{"line":102,"column":null}},"14":{"start":{"line":105,"column":30},"end":{"line":105,"column":null}},"15":{"start":{"line":107,"column":28},"end":{"line":107,"column":null}},"16":{"start":{"line":107,"column":44},"end":{"line":107,"column":78}},"17":{"start":{"line":108,"column":27},"end":{"line":108,"column":null}},"18":{"start":{"line":108,"column":43},"end":{"line":108,"column":79}},"19":{"start":{"line":109,"column":61},"end":{"line":109,"column":null}},"20":{"start":{"line":110,"column":32},"end":{"line":110,"column":null}},"21":{"start":{"line":111,"column":31},"end":{"line":111,"column":null}},"22":{"start":{"line":112,"column":31},"end":{"line":112,"column":null}},"23":{"start":{"line":114,"column":8},"end":{"line":122,"column":null}},"24":{"start":{"line":127,"column":30},"end":{"line":130,"column":null}}},"fnMap":{"0":{"name":"(anonymous_0)","decl":{"start":{"line":72,"column":4},"end":{"line":72,"column":5}},"loc":{"start":{"line":72,"column":14},"end":{"line":123,"column":null}},"line":72},"1":{"name":"(anonymous_1)","decl":{"start":{"line":85,"column":18},"end":{"line":85,"column":19}},"loc":{"start":{"line":85,"column":31},"end":{"line":85,"column":null}},"line":85},"2":{"name":"(anonymous_2)","decl":{"start":{"line":86,"column":19},"end":{"line":86,"column":20}},"loc":{"start":{"line":86,"column":29},"end":{"line":86,"column":null}},"line":86},"3":{"name":"(anonymous_3)","decl":{"start":{"line":87,"column":19},"end":{"line":87,"column":20}},"loc":{"start":{"line":87,"column":29},"end":{"line":87,"column":null}},"line":87},"4":{"name":"(anonymous_4)","decl":{"start":{"line":88,"column":16},"end":{"line":88,"column":17}},"loc":{"start":{"line":88,"column":27},"end":{"line":88,"column":null}},"line":88},"5":{"name":"(anonymous_5)","decl":{"start":{"line":90,"column":21},"end":{"line":90,"column":22}},"loc":{"start":{"line":91,"column":8},"end":{"line":103,"column":null}},"line":91},"6":{"name":"(anonymous_6)","decl":{"start":{"line":91,"column":12},"end":{"line":91,"column":13}},"loc":{"start":{"line":91,"column":23},"end":{"line":103,"column":9}},"line":91},"7":{"name":"(anonymous_7)","decl":{"start":{"line":93,"column":52},"end":{"line":93,"column":53}},"loc":{"start":{"line":93,"column":59},"end":{"line":93,"column":74}},"line":93},"8":{"name":"(anonymous_8)","decl":{"start":{"line":105,"column":24},"end":{"line":105,"column":30}},"loc":{"start":{"line":105,"column":30},"end":{"line":105,"column":null}},"line":105},"9":{"name":"(anonymous_9)","decl":{"start":{"line":107,"column":22},"end":{"line":107,"column":28}},"loc":{"start":{"line":107,"column":28},"end":{"line":107,"column":null}},"line":107},"10":{"name":"(anonymous_10)","decl":{"start":{"line":107,"column":32},"end":{"line":107,"column":33}},"loc":{"start":{"line":107,"column":44},"end":{"line":107,"column":78}},"line":107},"11":{"name":"(anonymous_11)","decl":{"start":{"line":108,"column":21},"end":{"line":108,"column":27}},"loc":{"start":{"line":108,"column":27},"end":{"line":108,"column":null}},"line":108},"12":{"name":"(anonymous_12)","decl":{"start":{"line":108,"column":31},"end":{"line":108,"column":32}},"loc":{"start":{"line":108,"column":43},"end":{"line":108,"column":79}},"line":108},"13":{"name":"(anonymous_13)","decl":{"start":{"line":109,"column":19},"end":{"line":109,"column":20}},"loc":{"start":{"line":109,"column":61},"end":{"line":109,"column":null}},"line":109},"14":{"name":"(anonymous_14)","decl":{"start":{"line":110,"column":24},"end":{"line":110,"column":25}},"loc":{"start":{"line":110,"column":32},"end":{"line":110,"column":null}},"line":110},"15":{"name":"(anonymous_15)","decl":{"start":{"line":111,"column":18},"end":{"line":111,"column":19}},"loc":{"start":{"line":111,"column":31},"end":{"line":111,"column":null}},"line":111},"16":{"name":"(anonymous_16)","decl":{"start":{"line":112,"column":18},"end":{"line":112,"column":19}},"loc":{"start":{"line":112,"column":31},"end":{"line":112,"column":null}},"line":112},"17":{"name":"(anonymous_17)","decl":{"start":{"line":113,"column":21},"end":{"line":113,"column":null}},"loc":{"start":{"line":114,"column":8},"end":{"line":122,"column":null}},"line":114},"18":{"name":"(anonymous_18)","decl":{"start":{"line":127,"column":18},"end":{"line":127,"column":19}},"loc":{"start":{"line":127,"column":30},"end":{"line":130,"column":null}},"line":127}},"branchMap":{},"s":{"0":4,"1":4,"2":4,"3":4,"4":8,"5":2,"6":3,"7":9,"8":30,"9":30,"10":101,"11":30,"12":30,"13":30,"14":2,"15":4,"16":4,"17":5,"18":5,"19":6,"20":2,"21":0,"22":0,"23":1,"24":132},"f":{"0":4,"1":8,"2":2,"3":3,"4":9,"5":30,"6":30,"7":101,"8":2,"9":4,"10":4,"11":5,"12":5,"13":6,"14":2,"15":0,"16":0,"17":1,"18":132},"b":{},"meta":{"lastBranch":0,"lastFunction":19,"lastStatement":25,"seen":{"s:46:24:46:Infinity":0,"s:68:25:68:Infinity":1,"s:70:13:133:Infinity":2,"f:72:4:72:5":0,"s:72:14:123:Infinity":3,"f:85:18:85:19":1,"s:85:31:85:Infinity":4,"f:86:19:86:20":2,"s:86:29:86:Infinity":5,"f:87:19:87:20":3,"s:87:29:87:Infinity":6,"f:88:16:88:17":4,"s:88:27:88:Infinity":7,"f:90:21:90:22":5,"s:91:8:103:Infinity":8,"f:91:12:91:13":6,"s:93:27:93:Infinity":9,"f:93:52:93:53":7,"s:93:59:93:74":10,"s:95:38:99:Infinity":11,"s:101:30:101:Infinity":12,"s:102:10:102:Infinity":13,"f:105:24:105:30":8,"s:105:30:105:Infinity":14,"f:107:22:107:28":9,"s:107:28:107:Infinity":15,"f:107:32:107:33":10,"s:107:44:107:78":16,"f:108:21:108:27":11,"s:108:27:108:Infinity":17,"f:108:31:108:32":12,"s:108:43:108:79":18,"f:109:19:109:20":13,"s:109:61:109:Infinity":19,"f:110:24:110:25":14,"s:110:32:110:Infinity":20,"f:111:18:111:19":15,"s:111:31:111:Infinity":21,"f:112:18:112:19":16,"s:112:31:112:Infinity":22,"f:113:21:113:Infinity":17,"s:114:8:122:Infinity":23,"f:127:18:127:19":18,"s:127:30:130:Infinity":24}}}
}
